<?xml version="1.0" encoding="UTF-8"?>
<!-- Generated by org.testng.reporters.JUnitReportReporter -->
<testsuite hostname="DESKTOP-3QALAR5" failures="0" tests="2" name="testngs.Demo" time="0.067" errors="0" timestamp="2023-02-02T11:11:03 IST" skipped="0">
  <testcase classname="testngs.Demo" name="verifyUrl" time="0.045"/>
  <system-out/>
  <testcase classname="testngs.Demo" name="verifyTitle" time="0.022"/>
  <system-out/>
</testsuite> <!-- testngs.Demo -->
