<?xml version="1.0" encoding="UTF-8"?>
<!-- Generated by org.testng.reporters.JUnitReportReporter -->
<testsuite hostname="DESKTOP-3QALAR5" failures="0" tests="4" name="pomconcept.LoginTest" time="12.638" errors="0" timestamp="2023-02-07T21:23:33 IST" skipped="0">
  <testcase classname="pomconcept.LoginTest" name="verifyTitleOfLoginPage" time="1.797"/>
  <system-out/>
  <testcase classname="pomconcept.LoginTest" name="verifyUrl" time="0.062"/>
  <system-out/>
  <testcase classname="pomconcept.LoginTest" name="verifyLogin" time="10.758"/>
  <system-out/>
  <testcase classname="pomconcept.LoginTest" name="verifyBuildname" time="0.021"/>
  <system-out/>
</testsuite> <!-- pomconcept.LoginTest -->
