<?xml version="1.0" encoding="UTF-8"?>
<!-- Generated by org.testng.reporters.JUnitReportReporter -->
<testsuite hostname="DESKTOP-3QALAR5" failures="0" tests="4" name="testngs.MethodsforLoginClass" time="2.739" errors="0" timestamp="2023-02-03T10:03:01 IST" skipped="0">
  <testcase classname="testngs.MethodsforLoginClass" name="verifyUrl" time="0.048"/>
  <system-out/>
  <testcase classname="testngs.MethodsforLoginClass" name="verifyTitle" time="0.028"/>
  <system-out/>
  <testcase classname="testngs.MethodsforLoginClass" name="verifylogin" time="1.397"/>
  <system-out/>
  <testcase classname="testngs.MethodsforLoginClass" name="verifypageitems" time="1.266"/>
  <system-out/>
</testsuite> <!-- testngs.MethodsforLoginClass -->
