<?xml version="1.0" encoding="UTF-8"?>
<!-- Generated by org.testng.reporters.JUnitReportReporter -->
<testsuite hostname="DESKTOP-3QALAR5" failures="0" tests="3" name="pomconcept.PIMTest" time="10.228" errors="0" timestamp="2023-02-10T12:37:56 IST" skipped="0">
  <testcase classname="pomconcept.PIMTest" name="verifyPimPageTitle" time="6.840"/>
  <system-out/>
  <testcase classname="pomconcept.PIMTest" name="verifyEmpSearchEmpId" time="3.385"/>
  <system-out/>
  <testcase classname="pomconcept.PIMTest" name="TestIngChanges" time="0.003"/>
  <system-out/>
</testsuite> <!-- pomconcept.PIMTest -->
